<?xml version="1.0" encoding="UTF-8"?>
<testng-results ignored="0" total="1" passed="1" failed="0" skipped="0">
  <reporter-output>
  </reporter-output>
  <suite started-at="2024-11-27T19:08:18 IST" name="Suite" finished-at="2024-11-27T19:08:27 IST" duration-ms="9787">
    <groups>
      <group name="Master">
        <method signature="TC001_RegistrationTest.registartion()[pri:0, instance:testCases.TC001_RegistrationTest@542e560f]" name="registartion" class="testCases.TC001_RegistrationTest"/>
      </group> <!-- Master -->
      <group name="Sanity">
        <method signature="TC001_RegistrationTest.registartion()[pri:0, instance:testCases.TC001_RegistrationTest@542e560f]" name="registartion" class="testCases.TC001_RegistrationTest"/>
      </group> <!-- Sanity -->
    </groups>
    <test started-at="2024-11-27T19:08:18 IST" name="Test" finished-at="2024-11-27T19:08:27 IST" duration-ms="9787">
      <class name="testCases.TC001_RegistrationTest">
        <test-method is-config="true" signature="setup(java.lang.String,java.lang.String)[pri:0, instance:testCases.TC001_RegistrationTest@542e560f]" started-at="2024-11-27T19:08:18 IST" name="setup" finished-at="2024-11-27T19:08:24 IST" duration-ms="5590" status="PASS">
          <params>
            <param index="0">
              <value>
                <![CDATA[Windows]]>
              </value>
            </param>
            <param index="1">
              <value>
                <![CDATA[chrome]]>
              </value>
            </param>
          </params>
          <reporter-output>
          </reporter-output>
        </test-method> <!-- setup -->
        <test-method signature="registartion()[pri:0, instance:testCases.TC001_RegistrationTest@542e560f]" started-at="2024-11-27T19:08:24 IST" name="registartion" finished-at="2024-11-27T19:08:27 IST" duration-ms="3486" status="PASS">
          <reporter-output>
          </reporter-output>
        </test-method> <!-- registartion -->
      </class> <!-- testCases.TC001_RegistrationTest -->
    </test> <!-- Test -->
  </suite> <!-- Suite -->
</testng-results>
